[2024-01-21 16:21:03] production.ERROR: Unable to locate a class or view for component [media-upload.css]. {"exception":"[object] (InvalidArgumentException(code: 0): Unable to locate a class or view for component [media-upload.css]. at C:\\xampp\\htdocs\\ESHOP\\main-file\\core\\vendor\\laravel\\framework\\src\\Illuminate\\View\\Compilers\\ComponentTagCompiler.php:311)
[stacktrace]
#0 C:\\xampp\\htdocs\\ESHOP\\main-file\\core\\vendor\\laravel\\framework\\src\\Illuminate\\View\\Compilers\\ComponentTagCompiler.php(235): Illuminate\\View\\Compilers\\ComponentTagCompiler->componentClass('media-upload.cs...')
#1 C:\\xampp\\htdocs\\ESHOP\\main-file\\core\\vendor\\laravel\\framework\\src\\Illuminate\\View\\Compilers\\ComponentTagCompiler.php(220): Illuminate\\View\\Compilers\\ComponentTagCompiler->componentString('media-upload.cs...', Array)
#2 [internal function]: Illuminate\\View\\Compilers\\ComponentTagCompiler->Illuminate\\View\\Compilers\\{closure}(Array)
#3 C:\\xampp\\htdocs\\ESHOP\\main-file\\core\\vendor\\laravel\\framework\\src\\Illuminate\\View\\Compilers\\ComponentTagCompiler.php(215): preg_replace_callback('/\\n            <...', Object(Closure), '@extends('tenan...')
#4 C:\\xampp\\htdocs\\ESHOP\\main-file\\core\\vendor\\laravel\\framework\\src\\Illuminate\\View\\Compilers\\ComponentTagCompiler.php(89): Illuminate\\View\\Compilers\\ComponentTagCompiler->compileSelfClosingTags('@extends('tenan...')
#5 C:\\xampp\\htdocs\\ESHOP\\main-file\\core\\vendor\\laravel\\framework\\src\\Illuminate\\View\\Compilers\\ComponentTagCompiler.php(76): Illuminate\\View\\Compilers\\ComponentTagCompiler->compileTags('@extends('tenan...')
#6 C:\\xampp\\htdocs\\ESHOP\\main-file\\core\\vendor\\laravel\\framework\\src\\Illuminate\\View\\Compilers\\BladeCompiler.php(423): Illuminate\\View\\Compilers\\ComponentTagCompiler->compile('@extends('tenan...')
#7 C:\\xampp\\htdocs\\ESHOP\\main-file\\core\\vendor\\laravel\\framework\\src\\Illuminate\\View\\Compilers\\BladeCompiler.php(255): Illuminate\\View\\Compilers\\BladeCompiler->compileComponentTags('@extends('tenan...')
#8 C:\\xampp\\htdocs\\ESHOP\\main-file\\core\\vendor\\laravel\\framework\\src\\Illuminate\\View\\Compilers\\BladeCompiler.php(175): Illuminate\\View\\Compilers\\BladeCompiler->compileString('@extends('tenan...')
#9 C:\\xampp\\htdocs\\ESHOP\\main-file\\core\\vendor\\laravel\\framework\\src\\Illuminate\\Foundation\\Console\\ViewCacheCommand.php(75): Illuminate\\View\\Compilers\\BladeCompiler->compile('C:\\\\xampp\\\\htdocs...')
#10 [internal function]: Illuminate\\Foundation\\Console\\ViewCacheCommand->Illuminate\\Foundation\\Console\\{closure}(Object(Symfony\\Component\\Finder\\SplFileInfo), 'C:\\\\xampp\\\\htdocs...')
#11 C:\\xampp\\htdocs\\ESHOP\\main-file\\core\\vendor\\laravel\\framework\\src\\Illuminate\\Collections\\Arr.php(560): array_map(Object(Closure), Array, Array)
#12 C:\\xampp\\htdocs\\ESHOP\\main-file\\core\\vendor\\laravel\\framework\\src\\Illuminate\\Collections\\Collection.php(768): Illuminate\\Support\\Arr::map(Array, Object(Closure))
#13 C:\\xampp\\htdocs\\ESHOP\\main-file\\core\\vendor\\laravel\\framework\\src\\Illuminate\\Foundation\\Console\\ViewCacheCommand.php(72): Illuminate\\Support\\Collection->map(Object(Closure))
#14 C:\\xampp\\htdocs\\ESHOP\\main-file\\core\\vendor\\laravel\\framework\\src\\Illuminate\\Foundation\\Console\\ViewCacheCommand.php(54): Illuminate\\Foundation\\Console\\ViewCacheCommand->compileViews(Object(Illuminate\\Support\\Collection))
#15 C:\\xampp\\htdocs\\ESHOP\\main-file\\core\\vendor\\laravel\\framework\\src\\Illuminate\\Collections\\Traits\\EnumeratesValues.php(235): Illuminate\\Foundation\\Console\\ViewCacheCommand->Illuminate\\Foundation\\Console\\{closure}('C:\\\\xampp\\\\htdocs...', 0)
#16 C:\\xampp\\htdocs\\ESHOP\\main-file\\core\\vendor\\laravel\\framework\\src\\Illuminate\\Foundation\\Console\\ViewCacheCommand.php(49): Illuminate\\Support\\Collection->each(Object(Closure))
#17 C:\\xampp\\htdocs\\ESHOP\\main-file\\core\\vendor\\laravel\\framework\\src\\Illuminate\\Container\\BoundMethod.php(36): Illuminate\\Foundation\\Console\\ViewCacheCommand->handle()
#18 C:\\xampp\\htdocs\\ESHOP\\main-file\\core\\vendor\\laravel\\framework\\src\\Illuminate\\Container\\Util.php(41): Illuminate\\Container\\BoundMethod::Illuminate\\Container\\{closure}()
#19 C:\\xampp\\htdocs\\ESHOP\\main-file\\core\\vendor\\laravel\\framework\\src\\Illuminate\\Container\\BoundMethod.php(93): Illuminate\\Container\\Util::unwrapIfClosure(Object(Closure))
#20 C:\\xampp\\htdocs\\ESHOP\\main-file\\core\\vendor\\laravel\\framework\\src\\Illuminate\\Container\\BoundMethod.php(35): Illuminate\\Container\\BoundMethod::callBoundMethod(Object(Illuminate\\Foundation\\Application), Array, Object(Closure))
#21 C:\\xampp\\htdocs\\ESHOP\\main-file\\core\\vendor\\laravel\\framework\\src\\Illuminate\\Container\\Container.php(661): Illuminate\\Container\\BoundMethod::call(Object(Illuminate\\Foundation\\Application), Array, Array, NULL)
#22 C:\\xampp\\htdocs\\ESHOP\\main-file\\core\\vendor\\laravel\\framework\\src\\Illuminate\\Console\\Command.php(183): Illuminate\\Container\\Container->call(Array)
#23 C:\\xampp\\htdocs\\ESHOP\\main-file\\core\\vendor\\symfony\\console\\Command\\Command.php(326): Illuminate\\Console\\Command->execute(Object(Symfony\\Component\\Console\\Input\\ArgvInput), Object(Illuminate\\Console\\OutputStyle))
#24 C:\\xampp\\htdocs\\ESHOP\\main-file\\core\\vendor\\laravel\\framework\\src\\Illuminate\\Console\\Command.php(152): Symfony\\Component\\Console\\Command\\Command->run(Object(Symfony\\Component\\Console\\Input\\ArgvInput), Object(Illuminate\\Console\\OutputStyle))
#25 C:\\xampp\\htdocs\\ESHOP\\main-file\\core\\vendor\\symfony\\console\\Application.php(1063): Illuminate\\Console\\Command->run(Object(Symfony\\Component\\Console\\Input\\ArgvInput), Object(Symfony\\Component\\Console\\Output\\ConsoleOutput))
#26 C:\\xampp\\htdocs\\ESHOP\\main-file\\core\\vendor\\symfony\\console\\Application.php(320): Symfony\\Component\\Console\\Application->doRunCommand(Object(Illuminate\\Foundation\\Console\\ViewCacheCommand), Object(Symfony\\Component\\Console\\Input\\ArgvInput), Object(Symfony\\Component\\Console\\Output\\ConsoleOutput))
#27 C:\\xampp\\htdocs\\ESHOP\\main-file\\core\\vendor\\symfony\\console\\Application.php(174): Symfony\\Component\\Console\\Application->doRun(Object(Symfony\\Component\\Console\\Input\\ArgvInput), Object(Symfony\\Component\\Console\\Output\\ConsoleOutput))
#28 C:\\xampp\\htdocs\\ESHOP\\main-file\\core\\vendor\\laravel\\framework\\src\\Illuminate\\Console\\Application.php(102): Symfony\\Component\\Console\\Application->run(Object(Symfony\\Component\\Console\\Input\\ArgvInput), Object(Symfony\\Component\\Console\\Output\\ConsoleOutput))
#29 C:\\xampp\\htdocs\\ESHOP\\main-file\\core\\vendor\\laravel\\framework\\src\\Illuminate\\Foundation\\Console\\Kernel.php(155): Illuminate\\Console\\Application->run(Object(Symfony\\Component\\Console\\Input\\ArgvInput), Object(Symfony\\Component\\Console\\Output\\ConsoleOutput))
#30 C:\\xampp\\htdocs\\ESHOP\\main-file\\core\\artisan(35): Illuminate\\Foundation\\Console\\Kernel->handle(Object(Symfony\\Component\\Console\\Input\\ArgvInput), Object(Symfony\\Component\\Console\\Output\\ConsoleOutput))
#31 {main}
"} 
[2024-01-21 16:21:24] production.ERROR: Command "view:config" is not defined.

Did you mean one of these?
    module:publish-config
    view:cache
    view:clear {"exception":"[object] (Symfony\\Component\\Console\\Exception\\CommandNotFoundException(code: 0): Command \"view:config\" is not defined.

Did you mean one of these?
    module:publish-config
    view:cache
    view:clear at C:\\xampp\\htdocs\\ESHOP\\main-file\\core\\vendor\\symfony\\console\\Application.php:725)
[stacktrace]
#0 C:\\xampp\\htdocs\\ESHOP\\main-file\\core\\vendor\\symfony\\console\\Application.php(262): Symfony\\Component\\Console\\Application->find('view:config')
#1 C:\\xampp\\htdocs\\ESHOP\\main-file\\core\\vendor\\symfony\\console\\Application.php(174): Symfony\\Component\\Console\\Application->doRun(Object(Symfony\\Component\\Console\\Input\\ArgvInput), Object(Symfony\\Component\\Console\\Output\\ConsoleOutput))
#2 C:\\xampp\\htdocs\\ESHOP\\main-file\\core\\vendor\\laravel\\framework\\src\\Illuminate\\Console\\Application.php(102): Symfony\\Component\\Console\\Application->run(Object(Symfony\\Component\\Console\\Input\\ArgvInput), Object(Symfony\\Component\\Console\\Output\\ConsoleOutput))
#3 C:\\xampp\\htdocs\\ESHOP\\main-file\\core\\vendor\\laravel\\framework\\src\\Illuminate\\Foundation\\Console\\Kernel.php(155): Illuminate\\Console\\Application->run(Object(Symfony\\Component\\Console\\Input\\ArgvInput), Object(Symfony\\Component\\Console\\Output\\ConsoleOutput))
#4 C:\\xampp\\htdocs\\ESHOP\\main-file\\core\\artisan(35): Illuminate\\Foundation\\Console\\Kernel->handle(Object(Symfony\\Component\\Console\\Input\\ArgvInput), Object(Symfony\\Component\\Console\\Output\\ConsoleOutput))
#5 {main}
"} 
